::1 - - [23/Mar/2025 22:12:34] "GET / HTTP/1.1" 200 -
::1 - - [23/Mar/2025 22:12:34] "GET /assets/styles.css?v=1.0.1 HTTP/1.1" 200 -
::ffff:127.0.0.1 - - [23/Mar/2025 22:12:34] "GET /assets/app.js HTTP/1.1" 200 -
::ffff:127.0.0.1 - - [23/Mar/2025 22:12:35] "GET / HTTP/1.1" 304 -
::1 - - [23/Mar/2025 22:12:47] "GET / HTTP/1.1" 200 -
::1 - - [23/Mar/2025 22:12:47] "GET /assets/styles.css?v=1.0.1 HTTP/1.1" 200 -
::1 - - [23/Mar/2025 22:12:47] "GET /assets/app.js HTTP/1.1" 200 -
::1 - - [23/Mar/2025 22:12:54] "GET / HTTP/1.1" 304 -
::1 - - [23/Mar/2025 22:13:35] "GET / HTTP/1.1" 200 -
::1 - - [23/Mar/2025 22:13:35] "GET /assets/styles.css?v=1.0.1 HTTP/1.1" 200 -
::1 - - [23/Mar/2025 22:13:35] "GET /assets/app.js HTTP/1.1" 200 -
::1 - - [23/Mar/2025 22:13:36] code 404, message File not found
::1 - - [23/Mar/2025 22:13:36] "GET /favicon.ico HTTP/1.1" 404 -
::1 - - [23/Mar/2025 22:15:07] "GET / HTTP/1.1" 304 -
::1 - - [23/Mar/2025 22:15:08] "GET /assets/app.js HTTP/1.1" 304 -
::1 - - [23/Mar/2025 22:16:00] "GET /?utm_source=tronlink HTTP/1.1" 200 -
::1 - - [23/Mar/2025 22:16:01] "GET /assets/app.js HTTP/1.1" 200 -
::1 - - [23/Mar/2025 22:16:01] "GET /assets/styles.css?v=1.0.1 HTTP/1.1" 200 -
::1 - - [23/Mar/2025 22:21:21] "GET / HTTP/1.1" 200 -
::1 - - [23/Mar/2025 22:21:21] "GET /assets/styles.css?v=1.0.1 HTTP/1.1" 200 -
::1 - - [23/Mar/2025 22:21:21] "GET /assets/app.js HTTP/1.1" 200 -
::1 - - [23/Mar/2025 22:21:22] "GET / HTTP/1.1" 200 -
::1 - - [23/Mar/2025 22:21:22] "GET /assets/styles.css?v=1.0.1 HTTP/1.1" 200 -
::1 - - [23/Mar/2025 22:21:22] "GET /assets/app.js HTTP/1.1" 200 -
::1 - - [23/Mar/2025 22:30:15] "GET / HTTP/1.1" 200 -
::1 - - [23/Mar/2025 22:30:15] "GET /assets/styles.css?v=1.0.1 HTTP/1.1" 200 -
::1 - - [23/Mar/2025 22:30:15] "GET /assets/app.js HTTP/1.1" 200 -
::1 - - [23/Mar/2025 22:30:18] "GET / HTTP/1.1" 304 -
::1 - - [23/Mar/2025 22:30:18] "GET /assets/app.js HTTP/1.1" 304 -
::1 - - [23/Mar/2025 22:30:22] "GET / HTTP/1.1" 304 -
::1 - - [23/Mar/2025 22:30:22] "GET /assets/app.js HTTP/1.1" 304 -
::1 - - [23/Mar/2025 22:30:27] "GET / HTTP/1.1" 200 -
::1 - - [23/Mar/2025 22:30:27] "GET /assets/styles.css?v=1.0.1 HTTP/1.1" 200 -
::1 - - [23/Mar/2025 22:30:27] "GET /assets/app.js HTTP/1.1" 200 -
::1 - - [23/Mar/2025 22:35:53] "GET / HTTP/1.1" 200 -
::1 - - [23/Mar/2025 22:35:54] "GET /assets/app.js HTTP/1.1" 200 -
::1 - - [23/Mar/2025 22:35:54] "GET /assets/styles.css?v=1.0.1 HTTP/1.1" 200 -
::1 - - [23/Mar/2025 22:36:38] "GET / HTTP/1.1" 304 -
::1 - - [23/Mar/2025 22:36:38] "GET /assets/app.js HTTP/1.1" 304 -
::1 - - [23/Mar/2025 22:36:38] "GET /assets/styles.css?v=1.0.1 HTTP/1.1" 304 -
::1 - - [23/Mar/2025 22:37:28] code 404, message File not found
::1 - - [23/Mar/2025 22:37:28] "GET /favicon.ico HTTP/1.1" 404 -
::1 - - [23/Mar/2025 22:37:37] "GET /?utm_source=tronlink HTTP/1.1" 200 -
::1 - - [23/Mar/2025 22:37:38] "GET /assets/styles.css?v=1.0.1 HTTP/1.1" 200 -
::1 - - [23/Mar/2025 22:37:38] "GET /assets/app.js HTTP/1.1" 200 -
::1 - - [23/Mar/2025 22:38:42] "GET / HTTP/1.1" 200 -
::1 - - [23/Mar/2025 22:38:42] "GET /assets/styles.css?v=1.0.1 HTTP/1.1" 200 -
::1 - - [23/Mar/2025 22:38:42] "GET /assets/app.js HTTP/1.1" 200 -
::1 - - [23/Mar/2025 22:38:42] "GET / HTTP/1.1" 304 -
::1 - - [23/Mar/2025 22:38:43] "GET /assets/styles.css?v=1.0.1 HTTP/1.1" 304 -
::1 - - [23/Mar/2025 22:38:43] "GET /assets/app.js HTTP/1.1" 200 -
::1 - - [23/Mar/2025 22:41:40] "GET / HTTP/1.1" 200 -
::1 - - [23/Mar/2025 22:41:40] "GET /assets/styles.css?v=1.0.1 HTTP/1.1" 200 -
::1 - - [23/Mar/2025 22:41:40] "GET /assets/app.js HTTP/1.1" 200 -
::1 - - [23/Mar/2025 23:00:22] "GET / HTTP/1.1" 200 -
::1 - - [23/Mar/2025 23:00:23] "GET / HTTP/1.1" 200 -
